mode: set
go-rest-skeleton/infrastructure/persistence/provider_db_sql.go:32.64,34.25 2 1
go-rest-skeleton/infrastructure/persistence/provider_db_sql.go:53.2,54.16 2 1
go-rest-skeleton/infrastructure/persistence/provider_db_sql.go:57.2,59.16 2 1
go-rest-skeleton/infrastructure/persistence/provider_db_sql.go:35.22,42.4 1 0
go-rest-skeleton/infrastructure/persistence/provider_db_sql.go:43.19,50.4 1 1
go-rest-skeleton/infrastructure/persistence/provider_db_sql.go:54.16,56.3 1 1
go-rest-skeleton/infrastructure/persistence/provider_db_sql.go:63.66,65.16 2 1
go-rest-skeleton/infrastructure/persistence/provider_db_sql.go:68.2,77.8 2 1
go-rest-skeleton/infrastructure/persistence/provider_db_sql.go:65.16,67.3 1 1
go-rest-skeleton/infrastructure/persistence/provider_db_sql.go:81.38,83.2 1 1
go-rest-skeleton/infrastructure/persistence/provider_db_sql.go:86.44,97.2 1 1
go-rest-skeleton/infrastructure/persistence/provider_db_sql.go:100.38,103.35 3 1
go-rest-skeleton/infrastructure/persistence/provider_db_sql.go:111.2,111.12 1 1
go-rest-skeleton/infrastructure/persistence/provider_db_sql.go:103.35,105.21 2 1
go-rest-skeleton/infrastructure/persistence/provider_db_sql.go:105.21,108.4 2 0
go-rest-skeleton/infrastructure/persistence/provider_db_sql.go:115.45,118.36 3 1
go-rest-skeleton/infrastructure/persistence/provider_db_sql.go:126.2,126.12 1 1
go-rest-skeleton/infrastructure/persistence/provider_db_sql.go:118.36,120.21 2 1
go-rest-skeleton/infrastructure/persistence/provider_db_sql.go:120.21,123.4 2 0
go-rest-skeleton/infrastructure/persistence/provider_storage.go:19.75,24.16 2 1
go-rest-skeleton/infrastructure/persistence/provider_storage.go:28.2,28.25 1 1
go-rest-skeleton/infrastructure/persistence/provider_storage.go:24.16,26.3 1 1
go-rest-skeleton/infrastructure/persistence/provider_storage.go:32.89,34.16 2 1
go-rest-skeleton/infrastructure/persistence/provider_storage.go:37.2,42.8 3 1
go-rest-skeleton/infrastructure/persistence/provider_storage.go:34.16,36.3 1 1
go-rest-skeleton/infrastructure/persistence/role_repository.go:17.47,19.2 1 1
go-rest-skeleton/infrastructure/persistence/role_repository.go:25.88,26.23 1 0
go-rest-skeleton/infrastructure/persistence/role_repository.go:30.103,36.16 4 0
go-rest-skeleton/infrastructure/persistence/role_repository.go:44.2,44.23 1 0
go-rest-skeleton/infrastructure/persistence/role_repository.go:36.16,38.38 1 0
go-rest-skeleton/infrastructure/persistence/role_repository.go:42.3,42.58 1 0
go-rest-skeleton/infrastructure/persistence/role_repository.go:38.38,41.4 2 0
go-rest-skeleton/infrastructure/persistence/role_repository.go:48.49,51.16 3 1
go-rest-skeleton/infrastructure/persistence/role_repository.go:57.2,57.12 1 1
go-rest-skeleton/infrastructure/persistence/role_repository.go:51.16,52.38 1 0
go-rest-skeleton/infrastructure/persistence/role_repository.go:55.3,55.13 1 0
go-rest-skeleton/infrastructure/persistence/role_repository.go:52.38,54.4 1 0
go-rest-skeleton/infrastructure/persistence/role_repository.go:61.62,64.16 3 1
go-rest-skeleton/infrastructure/persistence/role_repository.go:67.2,67.37 1 1
go-rest-skeleton/infrastructure/persistence/role_repository.go:70.2,70.19 1 1
go-rest-skeleton/infrastructure/persistence/role_repository.go:64.16,66.3 1 0
go-rest-skeleton/infrastructure/persistence/role_repository.go:67.37,69.3 1 0
go-rest-skeleton/infrastructure/persistence/role_repository.go:74.85,77.16 3 0
go-rest-skeleton/infrastructure/persistence/role_repository.go:80.2,80.37 1 0
go-rest-skeleton/infrastructure/persistence/role_repository.go:83.2,83.24 1 0
go-rest-skeleton/infrastructure/persistence/role_repository.go:77.16,79.3 1 0
go-rest-skeleton/infrastructure/persistence/role_repository.go:80.37,82.3 1 0
go-rest-skeleton/infrastructure/persistence/role_repository.go:87.90,92.21 5 1
go-rest-skeleton/infrastructure/persistence/role_repository.go:95.2,95.20 1 1
go-rest-skeleton/infrastructure/persistence/role_repository.go:98.2,98.41 1 1
go-rest-skeleton/infrastructure/persistence/role_repository.go:101.2,102.25 2 1
go-rest-skeleton/infrastructure/persistence/role_repository.go:92.21,94.3 1 0
go-rest-skeleton/infrastructure/persistence/role_repository.go:95.20,97.3 1 0
go-rest-skeleton/infrastructure/persistence/role_repository.go:98.41,100.3 1 0
go-rest-skeleton/infrastructure/persistence/storage_category_repository.go:16.69,18.2 1 1
go-rest-skeleton/infrastructure/persistence/storage_category_repository.go:24.129,25.23 1 0
go-rest-skeleton/infrastructure/persistence/storage_file_repository.go:17.61,19.2 1 1
go-rest-skeleton/infrastructure/persistence/storage_file_repository.go:24.109,27.16 3 0
go-rest-skeleton/infrastructure/persistence/storage_file_repository.go:30.2,30.23 1 0
go-rest-skeleton/infrastructure/persistence/storage_file_repository.go:27.16,29.3 1 0
go-rest-skeleton/infrastructure/persistence/storage_file_repository.go:34.77,37.16 3 0
go-rest-skeleton/infrastructure/persistence/storage_file_repository.go:43.2,43.19 1 0
go-rest-skeleton/infrastructure/persistence/storage_file_repository.go:37.16,38.38 1 0
go-rest-skeleton/infrastructure/persistence/storage_file_repository.go:41.3,41.18 1 0
go-rest-skeleton/infrastructure/persistence/storage_file_repository.go:38.38,40.4 1 0
go-rest-skeleton/infrastructure/persistence/user_repository.go:22.47,24.2 1 1
go-rest-skeleton/infrastructure/persistence/user_repository.go:30.89,33.16 3 1
go-rest-skeleton/infrastructure/persistence/user_repository.go:41.2,41.23 1 1
go-rest-skeleton/infrastructure/persistence/user_repository.go:33.16,35.95 1 0
go-rest-skeleton/infrastructure/persistence/user_repository.go:39.3,39.58 1 0
go-rest-skeleton/infrastructure/persistence/user_repository.go:35.95,38.4 2 0
go-rest-skeleton/infrastructure/persistence/user_repository.go:45.104,54.16 4 1
go-rest-skeleton/infrastructure/persistence/user_repository.go:67.2,67.23 1 1
go-rest-skeleton/infrastructure/persistence/user_repository.go:54.16,56.38 1 0
go-rest-skeleton/infrastructure/persistence/user_repository.go:61.3,61.95 1 0
go-rest-skeleton/infrastructure/persistence/user_repository.go:65.3,65.58 1 0
go-rest-skeleton/infrastructure/persistence/user_repository.go:56.38,59.4 2 0
go-rest-skeleton/infrastructure/persistence/user_repository.go:61.95,64.4 2 0
go-rest-skeleton/infrastructure/persistence/user_repository.go:71.50,74.16 3 1
go-rest-skeleton/infrastructure/persistence/user_repository.go:80.2,80.12 1 1
go-rest-skeleton/infrastructure/persistence/user_repository.go:74.16,75.38 1 0
go-rest-skeleton/infrastructure/persistence/user_repository.go:78.3,78.13 1 0
go-rest-skeleton/infrastructure/persistence/user_repository.go:75.38,77.4 1 0
go-rest-skeleton/infrastructure/persistence/user_repository.go:84.63,87.16 3 1
go-rest-skeleton/infrastructure/persistence/user_repository.go:93.2,93.19 1 1
go-rest-skeleton/infrastructure/persistence/user_repository.go:87.16,88.38 1 0
go-rest-skeleton/infrastructure/persistence/user_repository.go:91.3,91.18 1 0
go-rest-skeleton/infrastructure/persistence/user_repository.go:88.38,90.4 1 0
go-rest-skeleton/infrastructure/persistence/user_repository.go:97.73,100.16 3 0
go-rest-skeleton/infrastructure/persistence/user_repository.go:106.2,106.19 1 0
go-rest-skeleton/infrastructure/persistence/user_repository.go:100.16,101.38 1 0
go-rest-skeleton/infrastructure/persistence/user_repository.go:104.3,104.18 1 0
go-rest-skeleton/infrastructure/persistence/user_repository.go:101.38,103.4 1 0
go-rest-skeleton/infrastructure/persistence/user_repository.go:110.72,113.16 3 0
go-rest-skeleton/infrastructure/persistence/user_repository.go:119.2,119.19 1 0
go-rest-skeleton/infrastructure/persistence/user_repository.go:113.16,114.38 1 0
go-rest-skeleton/infrastructure/persistence/user_repository.go:117.3,117.18 1 0
go-rest-skeleton/infrastructure/persistence/user_repository.go:114.38,116.4 1 0
go-rest-skeleton/infrastructure/persistence/user_repository.go:123.91,128.21 5 1
go-rest-skeleton/infrastructure/persistence/user_repository.go:131.2,131.20 1 1
go-rest-skeleton/infrastructure/persistence/user_repository.go:134.2,135.25 2 1
go-rest-skeleton/infrastructure/persistence/user_repository.go:128.21,130.3 1 0
go-rest-skeleton/infrastructure/persistence/user_repository.go:131.20,133.3 1 0
go-rest-skeleton/infrastructure/persistence/user_repository.go:139.103,143.16 4 1
go-rest-skeleton/infrastructure/persistence/user_repository.go:151.2,152.16 2 1
go-rest-skeleton/infrastructure/persistence/user_repository.go:158.2,158.24 1 1
go-rest-skeleton/infrastructure/persistence/user_repository.go:143.16,144.38 1 0
go-rest-skeleton/infrastructure/persistence/user_repository.go:148.3,148.27 1 0
go-rest-skeleton/infrastructure/persistence/user_repository.go:144.38,147.4 2 0
go-rest-skeleton/infrastructure/persistence/user_repository.go:152.16,153.58 1 0
go-rest-skeleton/infrastructure/persistence/user_repository.go:153.58,156.4 2 0
go-rest-skeleton/infrastructure/persistence/user_repository.go:162.110,168.16 4 0
go-rest-skeleton/infrastructure/persistence/user_repository.go:175.2,175.23 1 0
go-rest-skeleton/infrastructure/persistence/user_repository.go:168.16,169.38 1 0
go-rest-skeleton/infrastructure/persistence/user_repository.go:173.3,173.58 1 0
go-rest-skeleton/infrastructure/persistence/user_repository.go:169.38,172.4 2 0
go-rest-skeleton/infrastructure/persistence/permission_repository.go:17.59,19.2 1 1
go-rest-skeleton/infrastructure/persistence/permission_repository.go:25.111,26.23 1 0
go-rest-skeleton/infrastructure/persistence/permission_repository.go:30.113,31.23 1 0
go-rest-skeleton/infrastructure/persistence/permission_repository.go:35.79,36.23 1 0
go-rest-skeleton/infrastructure/persistence/permission_repository.go:40.77,41.23 1 0
go-rest-skeleton/infrastructure/persistence/permission_repository.go:45.98,46.23 1 0
go-rest-skeleton/infrastructure/persistence/provider_db_redis.go:18.75,26.16 3 1
go-rest-skeleton/infrastructure/persistence/provider_db_redis.go:30.2,30.25 1 1
go-rest-skeleton/infrastructure/persistence/provider_db_redis.go:26.16,28.3 1 1
go-rest-skeleton/infrastructure/persistence/provider_db_redis.go:34.72,36.16 2 1
go-rest-skeleton/infrastructure/persistence/provider_db_redis.go:40.2,43.8 1 1
go-rest-skeleton/infrastructure/persistence/provider_db_redis.go:36.16,38.3 1 1
go-rest-skeleton/infrastructure/security/key.go:12.43,18.16 3 1
go-rest-skeleton/infrastructure/security/key.go:21.2,21.30 1 1
go-rest-skeleton/infrastructure/security/key.go:18.16,20.3 1 0
go-rest-skeleton/infrastructure/security/password.go:6.44,8.2 1 1
go-rest-skeleton/infrastructure/security/password.go:11.60,13.2 1 1
go-rest-skeleton/infrastructure/security/rsa.go:19.31,22.2 2 0
go-rest-skeleton/infrastructure/security/rsa.go:25.61,27.16 2 1
go-rest-skeleton/infrastructure/security/rsa.go:30.2,30.33 1 1
go-rest-skeleton/infrastructure/security/rsa.go:27.16,29.3 1 0
go-rest-skeleton/infrastructure/security/rsa.go:34.71,36.16 2 1
go-rest-skeleton/infrastructure/security/rsa.go:39.2,40.16 2 1
go-rest-skeleton/infrastructure/security/rsa.go:43.2,44.32 2 1
go-rest-skeleton/infrastructure/security/rsa.go:36.16,38.3 1 0
go-rest-skeleton/infrastructure/security/rsa.go:40.16,42.3 1 0
go-rest-skeleton/infrastructure/security/rsa.go:48.55,50.16 2 1
go-rest-skeleton/infrastructure/security/rsa.go:54.2,61.6 5 1
go-rest-skeleton/infrastructure/security/rsa.go:50.16,52.3 1 0
go-rest-skeleton/infrastructure/security/rsa.go:65.56,67.16 2 0
go-rest-skeleton/infrastructure/security/rsa.go:70.2,71.9 2 0
go-rest-skeleton/infrastructure/security/rsa.go:74.2,74.17 1 0
go-rest-skeleton/infrastructure/security/rsa.go:67.16,69.3 1 0
go-rest-skeleton/infrastructure/security/rsa.go:71.9,73.3 1 0
go-rest-skeleton/infrastructure/security/rsa.go:78.58,80.16 2 0
go-rest-skeleton/infrastructure/security/rsa.go:83.2,83.25 1 0
go-rest-skeleton/infrastructure/security/rsa.go:80.16,82.3 1 0
go-rest-skeleton/infrastructure/security/rsa.go:87.58,89.16 2 0
go-rest-skeleton/infrastructure/security/rsa.go:92.2,93.9 2 0
go-rest-skeleton/infrastructure/security/rsa.go:96.2,96.15 1 0
go-rest-skeleton/infrastructure/security/rsa.go:89.16,91.3 1 0
go-rest-skeleton/infrastructure/security/rsa.go:93.9,95.3 1 0
go-rest-skeleton/infrastructure/security/rsa.go:100.60,102.16 2 0
go-rest-skeleton/infrastructure/security/rsa.go:105.2,105.26 1 0
go-rest-skeleton/infrastructure/security/rsa.go:102.16,104.3 1 0
go-rest-skeleton/infrastructure/security/rsa.go:109.69,111.2 1 0
go-rest-skeleton/infrastructure/security/rsa.go:114.66,116.2 1 0
go-rest-skeleton/infrastructure/security/rsa.go:119.64,121.2 1 0
go-rest-skeleton/infrastructure/security/rsa.go:124.71,126.2 1 0
go-rest-skeleton/infrastructure/security/rsa.go:129.68,131.2 1 0
go-rest-skeleton/infrastructure/security/rsa.go:134.66,136.16 2 0
go-rest-skeleton/infrastructure/security/rsa.go:139.2,139.33 1 0
go-rest-skeleton/infrastructure/security/rsa.go:142.2,142.12 1 0
go-rest-skeleton/infrastructure/security/rsa.go:136.16,138.3 1 0
go-rest-skeleton/infrastructure/security/rsa.go:139.33,141.3 1 0
go-rest-skeleton/infrastructure/storage/storage_s3.go:17.78,19.2 1 0
go-rest-skeleton/infrastructure/storage/storage_s3.go:21.40,24.2 2 0
go-rest-skeleton/infrastructure/storage/storage_s3.go:26.112,28.2 1 0
go-rest-skeleton/infrastructure/storage/storage_s3.go:30.63,32.2 1 0
go-rest-skeleton/infrastructure/storage/storage_s3.go:41.111,43.2 1 0
go-rest-skeleton/infrastructure/storage/storage_s3.go:45.62,47.2 1 0
go-rest-skeleton/infrastructure/storage/storage.go:33.75,35.2 1 0
go-rest-skeleton/infrastructure/storage/storage.go:37.48,46.2 3 1
go-rest-skeleton/infrastructure/storage/storage.go:48.37,50.2 1 1
go-rest-skeleton/infrastructure/storage/storage_minio.go:25.84,27.2 1 1
go-rest-skeleton/infrastructure/storage/storage_minio.go:29.46,32.2 2 0
go-rest-skeleton/infrastructure/storage/storage_minio.go:34.114,40.16 5 1
go-rest-skeleton/infrastructure/storage/storage_minio.go:43.2,46.31 3 1
go-rest-skeleton/infrastructure/storage/storage_minio.go:50.2,55.16 5 1
go-rest-skeleton/infrastructure/storage/storage_minio.go:62.2,64.34 3 1
go-rest-skeleton/infrastructure/storage/storage_minio.go:69.2,69.18 1 1
go-rest-skeleton/infrastructure/storage/storage_minio.go:73.2,81.16 9 1
go-rest-skeleton/infrastructure/storage/storage_minio.go:85.2,92.16 8 1
go-rest-skeleton/infrastructure/storage/storage_minio.go:96.2,96.34 1 1
go-rest-skeleton/infrastructure/storage/storage_minio.go:40.16,42.3 1 0
go-rest-skeleton/infrastructure/storage/storage_minio.go:46.31,48.3 1 0
go-rest-skeleton/infrastructure/storage/storage_minio.go:55.16,56.38 1 0
go-rest-skeleton/infrastructure/storage/storage_minio.go:59.3,59.22 1 0
go-rest-skeleton/infrastructure/storage/storage_minio.go:56.38,58.4 1 0
go-rest-skeleton/infrastructure/storage/storage_minio.go:64.34,65.37 1 1
go-rest-skeleton/infrastructure/storage/storage_minio.go:65.37,67.4 1 1
go-rest-skeleton/infrastructure/storage/storage_minio.go:69.18,71.3 1 0
go-rest-skeleton/infrastructure/storage/storage_minio.go:81.16,83.3 1 0
go-rest-skeleton/infrastructure/storage/storage_minio.go:92.16,94.3 1 0
go-rest-skeleton/infrastructure/storage/storage_minio.go:99.65,104.16 4 1
go-rest-skeleton/infrastructure/storage/storage_minio.go:111.2,112.16 2 1
go-rest-skeleton/infrastructure/storage/storage_minio.go:119.2,124.16 5 1
go-rest-skeleton/infrastructure/storage/storage_minio.go:128.2,128.30 1 1
go-rest-skeleton/infrastructure/storage/storage_minio.go:104.16,105.38 1 0
go-rest-skeleton/infrastructure/storage/storage_minio.go:108.3,108.18 1 0
go-rest-skeleton/infrastructure/storage/storage_minio.go:105.38,107.4 1 0
go-rest-skeleton/infrastructure/storage/storage_minio.go:112.16,113.38 1 0
go-rest-skeleton/infrastructure/storage/storage_minio.go:116.3,116.18 1 0
go-rest-skeleton/infrastructure/storage/storage_minio.go:113.38,115.4 1 0
go-rest-skeleton/infrastructure/storage/storage_minio.go:124.16,126.3 1 0
go-rest-skeleton/infrastructure/storage/storage_minio.go:131.86,133.16 2 1
go-rest-skeleton/infrastructure/storage/storage_minio.go:137.2,137.17 1 1
go-rest-skeleton/infrastructure/storage/storage_minio.go:133.16,135.3 1 0
go-rest-skeleton/infrastructure/util/pretty_json.go:13.42,20.2 5 1
go-rest-skeleton/infrastructure/util/root_dir.go:8.23,10.8 2 0
go-rest-skeleton/infrastructure/util/root_dir.go:13.2,13.14 1 0
go-rest-skeleton/infrastructure/util/root_dir.go:10.8,12.3 1 0
go-rest-skeleton/infrastructure/util/translation.go:32.55,38.18 5 0
go-rest-skeleton/infrastructure/util/translation.go:43.2,43.30 1 0
go-rest-skeleton/infrastructure/util/translation.go:46.2,46.28 1 0
go-rest-skeleton/infrastructure/util/translation.go:50.2,62.48 5 0
go-rest-skeleton/infrastructure/util/translation.go:38.18,39.36 1 0
go-rest-skeleton/infrastructure/util/translation.go:39.36,41.4 1 0
go-rest-skeleton/infrastructure/util/translation.go:43.30,45.3 1 0
go-rest-skeleton/infrastructure/util/translation.go:46.28,48.3 1 0
go-rest-skeleton/infrastructure/util/translation.go:66.43,70.32 2 1
go-rest-skeleton/infrastructure/util/translation.go:75.2,75.14 1 1
go-rest-skeleton/infrastructure/util/translation.go:70.32,71.13 1 1
go-rest-skeleton/infrastructure/util/translation.go:71.13,73.4 1 1
go-rest-skeleton/infrastructure/util/unmarshal_json.go:8.58,13.2 3 1
go-rest-skeleton/interfaces/handler/login_handler.go:28.49,34.2 1 0
go-rest-skeleton/interfaces/handler/login_handler.go:50.49,52.13 2 0
go-rest-skeleton/interfaces/handler/login_handler.go:57.2,58.97 2 0
go-rest-skeleton/interfaces/handler/login_handler.go:52.13,55.3 2 0
go-rest-skeleton/interfaces/handler/login_handler.go:74.56,76.13 2 0
go-rest-skeleton/interfaces/handler/login_handler.go:81.2,82.48 2 0
go-rest-skeleton/interfaces/handler/login_handler.go:86.2,88.51 2 0
go-rest-skeleton/interfaces/handler/login_handler.go:93.2,98.88 4 0
go-rest-skeleton/interfaces/handler/login_handler.go:76.13,79.3 2 0
go-rest-skeleton/interfaces/handler/login_handler.go:82.48,85.3 2 0
go-rest-skeleton/interfaces/handler/login_handler.go:88.51,91.3 2 0
go-rest-skeleton/interfaces/handler/login_handler.go:116.47,120.44 3 0
go-rest-skeleton/interfaces/handler/login_handler.go:124.2,125.27 2 0
go-rest-skeleton/interfaces/handler/login_handler.go:130.2,131.20 2 0
go-rest-skeleton/interfaces/handler/login_handler.go:136.2,137.17 2 0
go-rest-skeleton/interfaces/handler/login_handler.go:142.2,143.20 2 0
go-rest-skeleton/interfaces/handler/login_handler.go:147.2,155.78 8 0
go-rest-skeleton/interfaces/handler/login_handler.go:120.44,123.3 2 0
go-rest-skeleton/interfaces/handler/login_handler.go:125.27,129.3 3 0
go-rest-skeleton/interfaces/handler/login_handler.go:131.20,135.3 3 0
go-rest-skeleton/interfaces/handler/login_handler.go:137.17,141.3 3 0
go-rest-skeleton/interfaces/handler/login_handler.go:143.20,146.3 2 0
go-rest-skeleton/interfaces/handler/login_handler.go:171.48,173.16 2 0
go-rest-skeleton/interfaces/handler/login_handler.go:179.2,180.22 2 0
go-rest-skeleton/interfaces/handler/login_handler.go:184.2,184.74 1 0
go-rest-skeleton/interfaces/handler/login_handler.go:173.16,176.3 2 0
go-rest-skeleton/interfaces/handler/login_handler.go:180.22,183.3 2 0
go-rest-skeleton/interfaces/handler/login_handler.go:201.49,203.48 2 0
go-rest-skeleton/interfaces/handler/login_handler.go:207.2,210.84 2 0
go-rest-skeleton/interfaces/handler/login_handler.go:220.2,220.16 1 0
go-rest-skeleton/interfaces/handler/login_handler.go:226.2,226.61 1 0
go-rest-skeleton/interfaces/handler/login_handler.go:232.2,233.15 2 0
go-rest-skeleton/interfaces/handler/login_handler.go:237.2,237.17 1 0
go-rest-skeleton/interfaces/handler/login_handler.go:203.48,206.3 2 0
go-rest-skeleton/interfaces/handler/login_handler.go:210.84,212.58 1 0
go-rest-skeleton/interfaces/handler/login_handler.go:216.3,216.51 1 0
go-rest-skeleton/interfaces/handler/login_handler.go:212.58,215.4 1 0
go-rest-skeleton/interfaces/handler/login_handler.go:220.16,223.3 2 0
go-rest-skeleton/interfaces/handler/login_handler.go:226.61,229.3 2 0
go-rest-skeleton/interfaces/handler/login_handler.go:233.15,235.3 1 0
go-rest-skeleton/interfaces/handler/login_handler.go:237.17,239.10 2 0
go-rest-skeleton/interfaces/handler/login_handler.go:243.3,247.20 3 0
go-rest-skeleton/interfaces/handler/login_handler.go:253.3,254.23 2 0
go-rest-skeleton/interfaces/handler/login_handler.go:260.3,261.21 2 0
go-rest-skeleton/interfaces/handler/login_handler.go:266.3,270.85 2 0
go-rest-skeleton/interfaces/handler/login_handler.go:239.10,242.4 2 0
go-rest-skeleton/interfaces/handler/login_handler.go:247.20,250.4 2 0
go-rest-skeleton/interfaces/handler/login_handler.go:254.23,257.4 2 0
go-rest-skeleton/interfaces/handler/login_handler.go:261.21,264.4 2 0
go-rest-skeleton/interfaces/handler/login_handler.go:271.8,273.3 1 0
go-rest-skeleton/interfaces/handler/ping_handler.go:24.57,26.2 1 1
go-rest-skeleton/interfaces/handler/ping_handler.go:39.44,43.22 3 1
go-rest-skeleton/interfaces/handler/ping_handler.go:51.2,52.25 2 1
go-rest-skeleton/interfaces/handler/ping_handler.go:60.2,60.48 1 1
go-rest-skeleton/interfaces/handler/ping_handler.go:43.22,46.3 2 1
go-rest-skeleton/interfaces/handler/ping_handler.go:46.8,49.3 2 1
go-rest-skeleton/interfaces/handler/ping_handler.go:52.25,55.3 2 1
go-rest-skeleton/interfaces/handler/ping_handler.go:55.8,58.3 2 1
go-rest-skeleton/interfaces/handler/secret_handler.go:16.40,18.2 1 1
go-rest-skeleton/interfaces/handler/secret_handler.go:32.56,34.16 2 1
go-rest-skeleton/interfaces/handler/secret_handler.go:37.2,37.96 1 1
go-rest-skeleton/interfaces/handler/secret_handler.go:34.16,36.3 1 0
go-rest-skeleton/interfaces/handler/v1.0/user/user_handler.go:27.91,32.2 1 1
go-rest-skeleton/interfaces/handler/v1.0/user/user_handler.go:35.42,37.54 2 1
go-rest-skeleton/interfaces/handler/v1.0/user/user_handler.go:41.2,42.26 2 1
go-rest-skeleton/interfaces/handler/v1.0/user/user_handler.go:47.2,48.25 2 1
go-rest-skeleton/interfaces/handler/v1.0/user/user_handler.go:57.2,58.96 2 1
go-rest-skeleton/interfaces/handler/v1.0/user/user_handler.go:37.54,40.3 2 1
go-rest-skeleton/interfaces/handler/v1.0/user/user_handler.go:42.26,46.3 3 1
go-rest-skeleton/interfaces/handler/v1.0/user/user_handler.go:48.25,50.70 2 0
go-rest-skeleton/interfaces/handler/v1.0/user/user_handler.go:54.3,55.9 2 0
go-rest-skeleton/interfaces/handler/v1.0/user/user_handler.go:50.70,53.4 2 0
go-rest-skeleton/interfaces/handler/v1.0/user/user_handler.go:62.44,64.58 2 1
go-rest-skeleton/interfaces/handler/v1.0/user/user_handler.go:69.2,69.54 1 1
go-rest-skeleton/interfaces/handler/v1.0/user/user_handler.go:74.2,75.26 2 1
go-rest-skeleton/interfaces/handler/v1.0/user/user_handler.go:80.2,82.25 3 1
go-rest-skeleton/interfaces/handler/v1.0/user/user_handler.go:95.2,96.100 2 1
go-rest-skeleton/interfaces/handler/v1.0/user/user_handler.go:64.58,67.3 2 0
go-rest-skeleton/interfaces/handler/v1.0/user/user_handler.go:69.54,72.3 2 0
go-rest-skeleton/interfaces/handler/v1.0/user/user_handler.go:75.26,79.3 3 0
go-rest-skeleton/interfaces/handler/v1.0/user/user_handler.go:82.25,84.63 2 0
go-rest-skeleton/interfaces/handler/v1.0/user/user_handler.go:88.3,88.70 1 0
go-rest-skeleton/interfaces/handler/v1.0/user/user_handler.go:92.3,93.9 2 0
go-rest-skeleton/interfaces/handler/v1.0/user/user_handler.go:84.63,87.4 2 0
go-rest-skeleton/interfaces/handler/v1.0/user/user_handler.go:88.70,91.4 2 0
go-rest-skeleton/interfaces/handler/v1.0/user/user_handler.go:100.44,102.58 2 1
go-rest-skeleton/interfaces/handler/v1.0/user/user_handler.go:107.2,109.16 3 1
go-rest-skeleton/interfaces/handler/v1.0/user/user_handler.go:117.2,117.79 1 1
go-rest-skeleton/interfaces/handler/v1.0/user/user_handler.go:102.58,105.3 2 0
go-rest-skeleton/interfaces/handler/v1.0/user/user_handler.go:109.16,110.54 1 1
go-rest-skeleton/interfaces/handler/v1.0/user/user_handler.go:114.3,115.9 2 0
go-rest-skeleton/interfaces/handler/v1.0/user/user_handler.go:110.54,113.4 2 1
go-rest-skeleton/interfaces/handler/v1.0/user/user_handler.go:121.42,126.16 5 1
go-rest-skeleton/interfaces/handler/v1.0/user/user_handler.go:130.2,130.98 1 1
go-rest-skeleton/interfaces/handler/v1.0/user/user_handler.go:126.16,129.3 2 0
go-rest-skeleton/interfaces/handler/v1.0/user/user_handler.go:134.41,136.58 2 1
go-rest-skeleton/interfaces/handler/v1.0/user/user_handler.go:141.2,143.16 3 1
go-rest-skeleton/interfaces/handler/v1.0/user/user_handler.go:151.2,152.22 2 1
go-rest-skeleton/interfaces/handler/v1.0/user/user_handler.go:156.2,156.112 1 1
go-rest-skeleton/interfaces/handler/v1.0/user/user_handler.go:136.58,139.3 2 0
go-rest-skeleton/interfaces/handler/v1.0/user/user_handler.go:143.16,144.54 1 0
go-rest-skeleton/interfaces/handler/v1.0/user/user_handler.go:148.3,149.9 2 0
go-rest-skeleton/interfaces/handler/v1.0/user/user_handler.go:144.54,147.4 2 0
go-rest-skeleton/interfaces/handler/v1.0/user/user_handler.go:152.22,155.3 2 0
go-rest-skeleton/interfaces/handler/v1.0/user/user_handler.go:159.46,161.13 2 0
go-rest-skeleton/interfaces/handler/v1.0/user/user_handler.go:166.2,167.16 2 0
go-rest-skeleton/interfaces/handler/v1.0/user/user_handler.go:171.2,173.25 3 0
go-rest-skeleton/interfaces/handler/v1.0/user/user_handler.go:178.2,180.25 3 0
go-rest-skeleton/interfaces/handler/v1.0/user/user_handler.go:193.2,194.22 2 0
go-rest-skeleton/interfaces/handler/v1.0/user/user_handler.go:198.2,199.117 2 0
go-rest-skeleton/interfaces/handler/v1.0/user/user_handler.go:161.13,164.3 2 0
go-rest-skeleton/interfaces/handler/v1.0/user/user_handler.go:167.16,170.3 2 0
go-rest-skeleton/interfaces/handler/v1.0/user/user_handler.go:173.25,176.3 2 0
go-rest-skeleton/interfaces/handler/v1.0/user/user_handler.go:180.25,182.63 2 0
go-rest-skeleton/interfaces/handler/v1.0/user/user_handler.go:186.3,186.70 1 0
go-rest-skeleton/interfaces/handler/v1.0/user/user_handler.go:190.3,191.9 2 0
go-rest-skeleton/interfaces/handler/v1.0/user/user_handler.go:182.63,185.4 2 0
go-rest-skeleton/interfaces/handler/v1.0/user/user_handler.go:186.70,189.4 2 0
go-rest-skeleton/interfaces/handler/v1.0/user/user_handler.go:194.22,197.3 2 0
go-rest-skeleton/interfaces/middleware/policy.go:28.40,33.2 1 0
go-rest-skeleton/interfaces/middleware/policy.go:36.58,38.13 2 0
go-rest-skeleton/interfaces/middleware/policy.go:44.2,48.37 5 0
go-rest-skeleton/interfaces/middleware/policy.go:60.2,60.20 1 0
go-rest-skeleton/interfaces/middleware/policy.go:63.2,63.22 1 0
go-rest-skeleton/interfaces/middleware/policy.go:38.13,42.3 3 0
go-rest-skeleton/interfaces/middleware/policy.go:48.37,52.50 4 0
go-rest-skeleton/interfaces/middleware/policy.go:52.50,54.42 2 0
go-rest-skeleton/interfaces/middleware/policy.go:54.42,57.5 2 0
go-rest-skeleton/interfaces/middleware/policy.go:60.20,62.3 1 0
go-rest-skeleton/interfaces/middleware/request_id.go:14.61,15.30 1 1
go-rest-skeleton/interfaces/middleware/request_id.go:15.30,18.27 2 1
go-rest-skeleton/interfaces/middleware/request_id.go:22.3,22.22 1 1
go-rest-skeleton/interfaces/middleware/request_id.go:26.3,27.11 2 1
go-rest-skeleton/interfaces/middleware/request_id.go:18.27,20.4 1 1
go-rest-skeleton/interfaces/middleware/request_id.go:22.22,24.4 1 1
go-rest-skeleton/interfaces/middleware/response.go:39.54,46.2 1 1
go-rest-skeleton/interfaces/middleware/response.go:49.53,50.30 1 1
go-rest-skeleton/interfaces/middleware/response.go:50.30,55.29 3 1
go-rest-skeleton/interfaces/middleware/response.go:60.3,74.28 11 1
go-rest-skeleton/interfaces/middleware/response.go:77.3,77.21 1 1
go-rest-skeleton/interfaces/middleware/response.go:87.3,91.58 3 1
go-rest-skeleton/interfaces/middleware/response.go:100.3,103.23 2 1
go-rest-skeleton/interfaces/middleware/response.go:108.3,108.32 1 1
go-rest-skeleton/interfaces/middleware/response.go:55.29,57.4 1 0
go-rest-skeleton/interfaces/middleware/response.go:74.28,76.4 1 0
go-rest-skeleton/interfaces/middleware/response.go:77.21,78.61 1 0
go-rest-skeleton/interfaces/middleware/response.go:78.61,83.5 4 0
go-rest-skeleton/interfaces/middleware/response.go:91.58,97.4 5 0
go-rest-skeleton/interfaces/middleware/response.go:103.23,105.4 1 0
go-rest-skeleton/interfaces/middleware/api_version.go:10.35,11.30 1 1
go-rest-skeleton/interfaces/middleware/api_version.go:11.30,15.23 3 1
go-rest-skeleton/interfaces/middleware/api_version.go:19.3,19.11 1 1
go-rest-skeleton/interfaces/middleware/api_version.go:15.23,17.4 1 1
go-rest-skeleton/interfaces/middleware/auth.go:15.62,19.2 1 0
go-rest-skeleton/interfaces/middleware/auth.go:21.65,22.30 1 0
go-rest-skeleton/interfaces/middleware/auth.go:22.30,24.17 2 0
go-rest-skeleton/interfaces/middleware/auth.go:28.3,28.11 1 0
go-rest-skeleton/interfaces/middleware/auth.go:24.17,27.4 2 0
go-rest-skeleton/interfaces/middleware/auth.go:32.75,33.30 1 0
go-rest-skeleton/interfaces/middleware/auth.go:33.30,35.29 2 0
go-rest-skeleton/interfaces/middleware/auth.go:39.3,39.11 1 0
go-rest-skeleton/interfaces/middleware/auth.go:35.29,38.4 2 0
go-rest-skeleton/interfaces/middleware/auth.go:44.53,45.30 1 1
go-rest-skeleton/interfaces/middleware/auth.go:45.30,47.17 2 1
go-rest-skeleton/interfaces/middleware/auth.go:51.3,51.11 1 1
go-rest-skeleton/interfaces/middleware/auth.go:47.17,50.4 2 1
go-rest-skeleton/interfaces/middleware/file.go:13.46,14.30 1 0
go-rest-skeleton/interfaces/middleware/file.go:14.30,17.21 3 0
go-rest-skeleton/interfaces/middleware/file.go:21.3,22.41 2 0
go-rest-skeleton/interfaces/middleware/file.go:17.21,20.4 2 0
go-rest-skeleton/interfaces/middleware/formatter.go:10.84,15.19 4 1
go-rest-skeleton/interfaces/middleware/formatter.go:19.2,23.37 4 1
go-rest-skeleton/interfaces/middleware/formatter.go:15.19,17.3 1 1
go-rest-skeleton/interfaces/middleware/logger.go:35.53,37.51 2 0
go-rest-skeleton/interfaces/middleware/logger.go:43.2,43.13 1 0
go-rest-skeleton/interfaces/middleware/logger.go:37.51,39.43 2 0
go-rest-skeleton/interfaces/middleware/logger.go:39.43,41.4 1 0
go-rest-skeleton/interfaces/middleware/logger.go:46.53,48.29 2 0
go-rest-skeleton/interfaces/middleware/logger.go:54.2,54.15 1 0
go-rest-skeleton/interfaces/middleware/logger.go:48.29,50.3 1 0
go-rest-skeleton/interfaces/middleware/logger.go:50.8,52.3 1 0
go-rest-skeleton/interfaces/middleware/logger.go:57.46,60.55 3 0
go-rest-skeleton/interfaces/middleware/logger.go:68.2,69.16 2 0
go-rest-skeleton/interfaces/middleware/logger.go:73.2,73.20 1 0
go-rest-skeleton/interfaces/middleware/logger.go:60.55,61.28 1 0
go-rest-skeleton/interfaces/middleware/logger.go:61.28,63.4 1 0
go-rest-skeleton/interfaces/middleware/logger.go:63.9,65.4 1 0
go-rest-skeleton/interfaces/middleware/logger.go:69.16,71.3 1 0
go-rest-skeleton/interfaces/middleware/logger.go:76.44,80.21 4 0
go-rest-skeleton/interfaces/middleware/logger.go:88.2,89.16 2 0
go-rest-skeleton/interfaces/middleware/logger.go:93.2,93.18 1 0
go-rest-skeleton/interfaces/middleware/logger.go:80.21,81.50 1 0
go-rest-skeleton/interfaces/middleware/logger.go:81.50,82.27 1 0
go-rest-skeleton/interfaces/middleware/logger.go:82.27,84.5 1 0
go-rest-skeleton/interfaces/middleware/logger.go:89.16,91.3 1 0
go-rest-skeleton/interfaces/middleware/logger.go:96.44,98.27 2 0
go-rest-skeleton/interfaces/middleware/logger.go:101.2,103.60 3 0
go-rest-skeleton/interfaces/middleware/logger.go:107.2,107.18 1 0
go-rest-skeleton/interfaces/middleware/logger.go:98.27,100.3 1 0
go-rest-skeleton/interfaces/middleware/logger.go:103.60,105.3 1 0
go-rest-skeleton/interfaces/middleware/logger.go:110.58,113.2 2 0
go-rest-skeleton/interfaces/middleware/logger.go:115.45,119.48 4 0
go-rest-skeleton/interfaces/middleware/logger.go:122.2,122.23 1 0
go-rest-skeleton/interfaces/middleware/logger.go:119.48,121.3 1 0
go-rest-skeleton/interfaces/middleware/logger.go:125.62,126.9 1 0
go-rest-skeleton/interfaces/middleware/logger.go:127.104,128.3 1 0
go-rest-skeleton/interfaces/middleware/logger.go:132.59,133.3 1 0
go-rest-skeleton/interfaces/middleware/logger.go:137.10,139.10 1 0
go-rest-skeleton/interfaces/middleware/logger.go:128.3,131.4 1 0
go-rest-skeleton/interfaces/middleware/logger.go:133.3,136.4 1 0
go-rest-skeleton/interfaces/middleware/logger.go:144.73,146.21 2 0
go-rest-skeleton/interfaces/middleware/logger.go:150.2,153.30 3 0
go-rest-skeleton/interfaces/middleware/logger.go:146.21,148.3 1 0
go-rest-skeleton/interfaces/middleware/logger.go:153.30,157.16 4 0
go-rest-skeleton/interfaces/middleware/logger.go:161.3,171.30 8 0
go-rest-skeleton/interfaces/middleware/logger.go:175.3,177.47 1 0
go-rest-skeleton/interfaces/middleware/logger.go:181.3,181.12 1 0
go-rest-skeleton/interfaces/middleware/logger.go:157.16,159.4 1 0
go-rest-skeleton/interfaces/middleware/logger.go:171.30,173.4 1 0
go-rest-skeleton/interfaces/middleware/logger.go:177.47,179.4 1 0
go-rest-skeleton/interfaces/middleware/logger.go:181.12,184.21 3 0
go-rest-skeleton/interfaces/middleware/logger.go:188.4,189.25 2 0
go-rest-skeleton/interfaces/middleware/logger.go:193.4,207.35 2 0
go-rest-skeleton/interfaces/middleware/logger.go:184.21,186.5 1 0
go-rest-skeleton/interfaces/middleware/logger.go:189.25,191.5 1 0
go-rest-skeleton/interfaces/middleware/cors.go:15.48,16.30 1 1
go-rest-skeleton/interfaces/middleware/cors.go:16.30,17.27 1 1
go-rest-skeleton/interfaces/middleware/cors.go:28.3,28.11 1 1
go-rest-skeleton/interfaces/middleware/cors.go:17.27,23.37 5 1
go-rest-skeleton/interfaces/middleware/cors.go:23.37,26.5 2 1
