mode: set
go-rest-skeleton/infrastructure/persistence/db.go:25.69,27.25 2 0
go-rest-skeleton/infrastructure/persistence/db.go:46.2,47.16 2 0
go-rest-skeleton/infrastructure/persistence/db.go:50.2,57.8 2 0
go-rest-skeleton/infrastructure/persistence/db.go:28.18,35.4 1 0
go-rest-skeleton/infrastructure/persistence/db.go:36.15,43.4 1 0
go-rest-skeleton/infrastructure/persistence/db.go:47.16,49.3 1 0
go-rest-skeleton/infrastructure/persistence/db.go:61.38,63.2 1 0
go-rest-skeleton/infrastructure/persistence/db.go:66.44,75.2 1 0
go-rest-skeleton/infrastructure/persistence/db.go:78.38,81.35 3 0
go-rest-skeleton/infrastructure/persistence/db.go:89.2,89.12 1 0
go-rest-skeleton/infrastructure/persistence/db.go:81.35,83.21 2 0
go-rest-skeleton/infrastructure/persistence/db.go:83.21,86.4 2 0
go-rest-skeleton/infrastructure/persistence/permission_repository.go:17.59,19.2 1 0
go-rest-skeleton/infrastructure/persistence/permission_repository.go:25.111,26.23 1 0
go-rest-skeleton/infrastructure/persistence/permission_repository.go:30.113,31.23 1 0
go-rest-skeleton/infrastructure/persistence/permission_repository.go:35.79,36.23 1 0
go-rest-skeleton/infrastructure/persistence/permission_repository.go:40.77,41.23 1 0
go-rest-skeleton/infrastructure/persistence/permission_repository.go:45.98,46.23 1 0
go-rest-skeleton/infrastructure/persistence/redis_db.go:17.67,27.2 2 0
go-rest-skeleton/infrastructure/persistence/role_repository.go:18.47,20.2 1 0
go-rest-skeleton/infrastructure/persistence/role_repository.go:26.81,27.23 1 0
go-rest-skeleton/infrastructure/persistence/role_repository.go:31.83,32.23 1 0
go-rest-skeleton/infrastructure/persistence/role_repository.go:36.55,37.23 1 0
go-rest-skeleton/infrastructure/persistence/role_repository.go:41.62,44.16 3 0
go-rest-skeleton/infrastructure/persistence/role_repository.go:47.2,47.37 1 0
go-rest-skeleton/infrastructure/persistence/role_repository.go:50.2,50.19 1 0
go-rest-skeleton/infrastructure/persistence/role_repository.go:44.16,46.3 1 0
go-rest-skeleton/infrastructure/persistence/role_repository.go:47.37,49.3 1 0
go-rest-skeleton/infrastructure/persistence/role_repository.go:54.85,57.16 3 0
go-rest-skeleton/infrastructure/persistence/role_repository.go:60.2,60.37 1 0
go-rest-skeleton/infrastructure/persistence/role_repository.go:63.2,63.24 1 0
go-rest-skeleton/infrastructure/persistence/role_repository.go:57.16,59.3 1 0
go-rest-skeleton/infrastructure/persistence/role_repository.go:60.37,62.3 1 0
go-rest-skeleton/infrastructure/persistence/role_repository.go:67.80,73.21 6 0
go-rest-skeleton/infrastructure/persistence/role_repository.go:76.2,76.20 1 0
go-rest-skeleton/infrastructure/persistence/role_repository.go:79.2,79.41 1 0
go-rest-skeleton/infrastructure/persistence/role_repository.go:82.2,83.25 2 0
go-rest-skeleton/infrastructure/persistence/role_repository.go:73.21,75.3 1 0
go-rest-skeleton/infrastructure/persistence/role_repository.go:76.20,78.3 1 0
go-rest-skeleton/infrastructure/persistence/role_repository.go:79.41,81.3 1 0
go-rest-skeleton/infrastructure/persistence/user_repository.go:22.47,24.2 1 1
go-rest-skeleton/infrastructure/persistence/user_repository.go:30.89,33.16 3 1
go-rest-skeleton/infrastructure/persistence/user_repository.go:41.2,41.23 1 1
go-rest-skeleton/infrastructure/persistence/user_repository.go:33.16,35.95 1 0
go-rest-skeleton/infrastructure/persistence/user_repository.go:39.3,39.58 1 0
go-rest-skeleton/infrastructure/persistence/user_repository.go:35.95,38.4 2 0
go-rest-skeleton/infrastructure/persistence/user_repository.go:45.104,54.16 4 1
go-rest-skeleton/infrastructure/persistence/user_repository.go:67.2,67.23 1 1
go-rest-skeleton/infrastructure/persistence/user_repository.go:54.16,56.38 1 0
go-rest-skeleton/infrastructure/persistence/user_repository.go:61.3,61.95 1 0
go-rest-skeleton/infrastructure/persistence/user_repository.go:65.3,65.58 1 0
go-rest-skeleton/infrastructure/persistence/user_repository.go:56.38,59.4 2 0
go-rest-skeleton/infrastructure/persistence/user_repository.go:61.95,64.4 2 0
go-rest-skeleton/infrastructure/persistence/user_repository.go:71.50,74.16 3 1
go-rest-skeleton/infrastructure/persistence/user_repository.go:80.2,80.12 1 1
go-rest-skeleton/infrastructure/persistence/user_repository.go:74.16,75.38 1 0
go-rest-skeleton/infrastructure/persistence/user_repository.go:78.3,78.13 1 0
go-rest-skeleton/infrastructure/persistence/user_repository.go:75.38,77.4 1 0
go-rest-skeleton/infrastructure/persistence/user_repository.go:84.63,87.16 3 1
go-rest-skeleton/infrastructure/persistence/user_repository.go:93.2,93.19 1 1
go-rest-skeleton/infrastructure/persistence/user_repository.go:87.16,88.38 1 0
go-rest-skeleton/infrastructure/persistence/user_repository.go:91.3,91.18 1 0
go-rest-skeleton/infrastructure/persistence/user_repository.go:88.38,90.4 1 0
go-rest-skeleton/infrastructure/persistence/user_repository.go:97.73,100.16 3 0
go-rest-skeleton/infrastructure/persistence/user_repository.go:106.2,106.19 1 0
go-rest-skeleton/infrastructure/persistence/user_repository.go:100.16,101.38 1 0
go-rest-skeleton/infrastructure/persistence/user_repository.go:104.3,104.18 1 0
go-rest-skeleton/infrastructure/persistence/user_repository.go:101.38,103.4 1 0
go-rest-skeleton/infrastructure/persistence/user_repository.go:110.72,113.16 3 0
go-rest-skeleton/infrastructure/persistence/user_repository.go:119.2,119.19 1 0
go-rest-skeleton/infrastructure/persistence/user_repository.go:113.16,114.38 1 0
go-rest-skeleton/infrastructure/persistence/user_repository.go:117.3,117.18 1 0
go-rest-skeleton/infrastructure/persistence/user_repository.go:114.38,116.4 1 0
go-rest-skeleton/infrastructure/persistence/user_repository.go:123.91,128.21 5 1
go-rest-skeleton/infrastructure/persistence/user_repository.go:131.2,131.20 1 1
go-rest-skeleton/infrastructure/persistence/user_repository.go:134.2,135.25 2 1
go-rest-skeleton/infrastructure/persistence/user_repository.go:128.21,130.3 1 0
go-rest-skeleton/infrastructure/persistence/user_repository.go:131.20,133.3 1 0
go-rest-skeleton/infrastructure/persistence/user_repository.go:139.103,143.16 4 1
go-rest-skeleton/infrastructure/persistence/user_repository.go:151.2,152.16 2 1
go-rest-skeleton/infrastructure/persistence/user_repository.go:158.2,158.24 1 1
go-rest-skeleton/infrastructure/persistence/user_repository.go:143.16,144.38 1 0
go-rest-skeleton/infrastructure/persistence/user_repository.go:148.3,148.27 1 0
go-rest-skeleton/infrastructure/persistence/user_repository.go:144.38,147.4 2 0
go-rest-skeleton/infrastructure/persistence/user_repository.go:152.16,153.58 1 0
go-rest-skeleton/infrastructure/persistence/user_repository.go:153.58,156.4 2 0
go-rest-skeleton/infrastructure/security/key.go:12.43,18.16 3 1
go-rest-skeleton/infrastructure/security/key.go:21.2,21.30 1 1
go-rest-skeleton/infrastructure/security/key.go:18.16,20.3 1 0
go-rest-skeleton/infrastructure/security/password.go:6.44,8.2 1 1
go-rest-skeleton/infrastructure/security/password.go:11.60,13.2 1 1
go-rest-skeleton/infrastructure/security/rsa.go:19.31,22.2 2 0
go-rest-skeleton/infrastructure/security/rsa.go:25.61,27.16 2 1
go-rest-skeleton/infrastructure/security/rsa.go:30.2,30.33 1 1
go-rest-skeleton/infrastructure/security/rsa.go:27.16,29.3 1 0
go-rest-skeleton/infrastructure/security/rsa.go:34.71,36.16 2 1
go-rest-skeleton/infrastructure/security/rsa.go:39.2,40.16 2 1
go-rest-skeleton/infrastructure/security/rsa.go:43.2,44.32 2 1
go-rest-skeleton/infrastructure/security/rsa.go:36.16,38.3 1 0
go-rest-skeleton/infrastructure/security/rsa.go:40.16,42.3 1 0
go-rest-skeleton/infrastructure/security/rsa.go:48.55,50.16 2 1
go-rest-skeleton/infrastructure/security/rsa.go:54.2,61.6 5 1
go-rest-skeleton/infrastructure/security/rsa.go:50.16,52.3 1 0
go-rest-skeleton/infrastructure/security/rsa.go:65.56,67.16 2 0
go-rest-skeleton/infrastructure/security/rsa.go:70.2,71.9 2 0
go-rest-skeleton/infrastructure/security/rsa.go:74.2,74.17 1 0
go-rest-skeleton/infrastructure/security/rsa.go:67.16,69.3 1 0
go-rest-skeleton/infrastructure/security/rsa.go:71.9,73.3 1 0
go-rest-skeleton/infrastructure/security/rsa.go:78.58,80.16 2 0
go-rest-skeleton/infrastructure/security/rsa.go:83.2,83.25 1 0
go-rest-skeleton/infrastructure/security/rsa.go:80.16,82.3 1 0
go-rest-skeleton/infrastructure/security/rsa.go:87.58,89.16 2 0
go-rest-skeleton/infrastructure/security/rsa.go:92.2,93.9 2 0
go-rest-skeleton/infrastructure/security/rsa.go:96.2,96.15 1 0
go-rest-skeleton/infrastructure/security/rsa.go:89.16,91.3 1 0
go-rest-skeleton/infrastructure/security/rsa.go:93.9,95.3 1 0
go-rest-skeleton/infrastructure/security/rsa.go:100.60,102.16 2 0
go-rest-skeleton/infrastructure/security/rsa.go:105.2,105.26 1 0
go-rest-skeleton/infrastructure/security/rsa.go:102.16,104.3 1 0
go-rest-skeleton/infrastructure/security/rsa.go:109.69,111.2 1 0
go-rest-skeleton/infrastructure/security/rsa.go:114.66,116.2 1 0
go-rest-skeleton/infrastructure/security/rsa.go:119.64,121.2 1 0
go-rest-skeleton/infrastructure/security/rsa.go:124.71,126.2 1 0
go-rest-skeleton/infrastructure/security/rsa.go:129.68,131.2 1 0
go-rest-skeleton/infrastructure/security/rsa.go:134.66,136.16 2 0
go-rest-skeleton/infrastructure/security/rsa.go:139.2,139.33 1 0
go-rest-skeleton/infrastructure/security/rsa.go:142.2,142.12 1 0
go-rest-skeleton/infrastructure/security/rsa.go:136.16,138.3 1 0
go-rest-skeleton/infrastructure/security/rsa.go:139.33,141.3 1 0
go-rest-skeleton/infrastructure/util/translation.go:28.55,34.18 5 0
go-rest-skeleton/infrastructure/util/translation.go:39.2,39.30 1 0
go-rest-skeleton/infrastructure/util/translation.go:42.2,42.28 1 0
go-rest-skeleton/infrastructure/util/translation.go:46.2,58.48 5 0
go-rest-skeleton/infrastructure/util/translation.go:34.18,35.36 1 0
go-rest-skeleton/infrastructure/util/translation.go:35.36,37.4 1 0
go-rest-skeleton/infrastructure/util/translation.go:39.30,41.3 1 0
go-rest-skeleton/infrastructure/util/translation.go:42.28,44.3 1 0
go-rest-skeleton/infrastructure/util/translation.go:62.43,66.32 2 1
go-rest-skeleton/infrastructure/util/translation.go:71.2,71.14 1 1
go-rest-skeleton/infrastructure/util/translation.go:66.32,67.13 1 1
go-rest-skeleton/infrastructure/util/translation.go:67.13,69.4 1 1
go-rest-skeleton/infrastructure/util/unmarshal_json.go:8.58,13.2 3 1
go-rest-skeleton/infrastructure/util/pretty_json.go:13.42,20.2 5 1
go-rest-skeleton/infrastructure/util/root_dir.go:8.23,10.8 2 0
go-rest-skeleton/infrastructure/util/root_dir.go:13.2,13.14 1 0
go-rest-skeleton/infrastructure/util/root_dir.go:10.8,12.3 1 0
go-rest-skeleton/interfaces/handler/v1.0/user/user_handler.go:23.55,27.2 1 1
go-rest-skeleton/interfaces/handler/v1.0/user/user_handler.go:29.33,31.2 1 0
go-rest-skeleton/interfaces/handler/v1.0/user/user_handler.go:34.42,36.54 2 0
go-rest-skeleton/interfaces/handler/v1.0/user/user_handler.go:40.2,41.26 2 0
go-rest-skeleton/interfaces/handler/v1.0/user/user_handler.go:46.2,47.25 2 0
go-rest-skeleton/interfaces/handler/v1.0/user/user_handler.go:60.2,61.96 2 0
go-rest-skeleton/interfaces/handler/v1.0/user/user_handler.go:36.54,39.3 2 0
go-rest-skeleton/interfaces/handler/v1.0/user/user_handler.go:41.26,45.3 3 0
go-rest-skeleton/interfaces/handler/v1.0/user/user_handler.go:47.25,49.63 2 0
go-rest-skeleton/interfaces/handler/v1.0/user/user_handler.go:53.3,53.70 1 0
go-rest-skeleton/interfaces/handler/v1.0/user/user_handler.go:57.3,58.9 2 0
go-rest-skeleton/interfaces/handler/v1.0/user/user_handler.go:49.63,52.4 2 0
go-rest-skeleton/interfaces/handler/v1.0/user/user_handler.go:53.70,56.4 2 0
go-rest-skeleton/interfaces/handler/v1.0/user/user_handler.go:65.44,67.58 2 0
go-rest-skeleton/interfaces/handler/v1.0/user/user_handler.go:72.2,72.54 1 0
go-rest-skeleton/interfaces/handler/v1.0/user/user_handler.go:77.2,78.26 2 0
go-rest-skeleton/interfaces/handler/v1.0/user/user_handler.go:83.2,85.25 3 0
go-rest-skeleton/interfaces/handler/v1.0/user/user_handler.go:98.2,99.100 2 0
go-rest-skeleton/interfaces/handler/v1.0/user/user_handler.go:67.58,70.3 2 0
go-rest-skeleton/interfaces/handler/v1.0/user/user_handler.go:72.54,75.3 2 0
go-rest-skeleton/interfaces/handler/v1.0/user/user_handler.go:78.26,82.3 3 0
go-rest-skeleton/interfaces/handler/v1.0/user/user_handler.go:85.25,87.63 2 0
go-rest-skeleton/interfaces/handler/v1.0/user/user_handler.go:91.3,91.70 1 0
go-rest-skeleton/interfaces/handler/v1.0/user/user_handler.go:95.3,96.9 2 0
go-rest-skeleton/interfaces/handler/v1.0/user/user_handler.go:87.63,90.4 2 0
go-rest-skeleton/interfaces/handler/v1.0/user/user_handler.go:91.70,94.4 2 0
go-rest-skeleton/interfaces/handler/v1.0/user/user_handler.go:103.44,105.58 2 0
go-rest-skeleton/interfaces/handler/v1.0/user/user_handler.go:110.2,112.16 3 0
go-rest-skeleton/interfaces/handler/v1.0/user/user_handler.go:120.2,120.79 1 0
go-rest-skeleton/interfaces/handler/v1.0/user/user_handler.go:105.58,108.3 2 0
go-rest-skeleton/interfaces/handler/v1.0/user/user_handler.go:112.16,113.54 1 0
go-rest-skeleton/interfaces/handler/v1.0/user/user_handler.go:117.3,118.9 2 0
go-rest-skeleton/interfaces/handler/v1.0/user/user_handler.go:113.54,116.4 2 0
go-rest-skeleton/interfaces/handler/v1.0/user/user_handler.go:124.42,129.16 5 0
go-rest-skeleton/interfaces/handler/v1.0/user/user_handler.go:133.2,133.98 1 0
go-rest-skeleton/interfaces/handler/v1.0/user/user_handler.go:129.16,132.3 2 0
go-rest-skeleton/interfaces/handler/v1.0/user/user_handler.go:137.41,139.58 2 1
go-rest-skeleton/interfaces/handler/v1.0/user/user_handler.go:144.2,146.16 3 1
go-rest-skeleton/interfaces/handler/v1.0/user/user_handler.go:154.2,154.97 1 1
go-rest-skeleton/interfaces/handler/v1.0/user/user_handler.go:139.58,142.3 2 0
go-rest-skeleton/interfaces/handler/v1.0/user/user_handler.go:146.16,147.54 1 0
go-rest-skeleton/interfaces/handler/v1.0/user/user_handler.go:151.3,152.9 2 0
go-rest-skeleton/interfaces/handler/v1.0/user/user_handler.go:147.54,150.4 2 0
go-rest-skeleton/interfaces/middleware/api_version.go:10.35,11.30 1 1
go-rest-skeleton/interfaces/middleware/api_version.go:11.30,15.23 3 1
go-rest-skeleton/interfaces/middleware/api_version.go:19.3,19.11 1 1
go-rest-skeleton/interfaces/middleware/api_version.go:15.23,17.4 1 1
go-rest-skeleton/interfaces/middleware/auth.go:15.69,19.2 1 0
go-rest-skeleton/interfaces/middleware/auth.go:21.90,22.30 1 0
go-rest-skeleton/interfaces/middleware/auth.go:22.30,24.17 2 0
go-rest-skeleton/interfaces/middleware/auth.go:29.3,30.37 2 0
go-rest-skeleton/interfaces/middleware/auth.go:34.3,34.11 1 0
go-rest-skeleton/interfaces/middleware/auth.go:24.17,27.4 2 0
go-rest-skeleton/interfaces/middleware/auth.go:30.37,33.4 2 0
go-rest-skeleton/interfaces/middleware/auth.go:39.53,40.30 1 1
go-rest-skeleton/interfaces/middleware/auth.go:40.30,42.17 2 1
go-rest-skeleton/interfaces/middleware/auth.go:46.3,46.11 1 1
go-rest-skeleton/interfaces/middleware/auth.go:42.17,45.4 2 1
go-rest-skeleton/interfaces/middleware/cors.go:15.48,16.30 1 1
go-rest-skeleton/interfaces/middleware/cors.go:16.30,17.27 1 1
go-rest-skeleton/interfaces/middleware/cors.go:28.3,28.11 1 1
go-rest-skeleton/interfaces/middleware/cors.go:17.27,23.37 5 1
go-rest-skeleton/interfaces/middleware/cors.go:23.37,26.5 2 1
go-rest-skeleton/interfaces/middleware/formatter.go:10.84,15.19 4 1
go-rest-skeleton/interfaces/middleware/formatter.go:19.2,23.37 4 1
go-rest-skeleton/interfaces/middleware/formatter.go:15.19,17.3 1 1
go-rest-skeleton/interfaces/middleware/file.go:13.46,14.30 1 0
go-rest-skeleton/interfaces/middleware/file.go:14.30,17.21 3 0
go-rest-skeleton/interfaces/middleware/file.go:21.3,22.41 2 0
go-rest-skeleton/interfaces/middleware/file.go:17.21,20.4 2 0
go-rest-skeleton/interfaces/middleware/logger.go:35.53,37.51 2 0
go-rest-skeleton/interfaces/middleware/logger.go:43.2,43.13 1 0
go-rest-skeleton/interfaces/middleware/logger.go:37.51,39.43 2 0
go-rest-skeleton/interfaces/middleware/logger.go:39.43,41.4 1 0
go-rest-skeleton/interfaces/middleware/logger.go:46.53,48.29 2 0
go-rest-skeleton/interfaces/middleware/logger.go:54.2,54.15 1 0
go-rest-skeleton/interfaces/middleware/logger.go:48.29,50.3 1 0
go-rest-skeleton/interfaces/middleware/logger.go:50.8,52.3 1 0
go-rest-skeleton/interfaces/middleware/logger.go:57.46,60.55 3 0
go-rest-skeleton/interfaces/middleware/logger.go:68.2,69.16 2 0
go-rest-skeleton/interfaces/middleware/logger.go:73.2,73.20 1 0
go-rest-skeleton/interfaces/middleware/logger.go:60.55,61.28 1 0
go-rest-skeleton/interfaces/middleware/logger.go:61.28,63.4 1 0
go-rest-skeleton/interfaces/middleware/logger.go:63.9,65.4 1 0
go-rest-skeleton/interfaces/middleware/logger.go:69.16,71.3 1 0
go-rest-skeleton/interfaces/middleware/logger.go:76.44,78.27 2 0
go-rest-skeleton/interfaces/middleware/logger.go:81.2,83.60 3 0
go-rest-skeleton/interfaces/middleware/logger.go:87.2,87.18 1 0
go-rest-skeleton/interfaces/middleware/logger.go:78.27,80.3 1 0
go-rest-skeleton/interfaces/middleware/logger.go:83.60,85.3 1 0
go-rest-skeleton/interfaces/middleware/logger.go:90.58,93.2 2 0
go-rest-skeleton/interfaces/middleware/logger.go:95.45,99.48 4 0
go-rest-skeleton/interfaces/middleware/logger.go:102.2,102.23 1 0
go-rest-skeleton/interfaces/middleware/logger.go:99.48,101.3 1 0
go-rest-skeleton/interfaces/middleware/logger.go:105.62,106.9 1 0
go-rest-skeleton/interfaces/middleware/logger.go:107.104,108.3 1 0
go-rest-skeleton/interfaces/middleware/logger.go:112.59,113.3 1 0
go-rest-skeleton/interfaces/middleware/logger.go:117.10,119.10 1 0
go-rest-skeleton/interfaces/middleware/logger.go:108.3,111.4 1 0
go-rest-skeleton/interfaces/middleware/logger.go:113.3,116.4 1 0
go-rest-skeleton/interfaces/middleware/logger.go:124.73,126.21 2 0
go-rest-skeleton/interfaces/middleware/logger.go:130.2,133.30 3 0
go-rest-skeleton/interfaces/middleware/logger.go:126.21,128.3 1 0
go-rest-skeleton/interfaces/middleware/logger.go:133.30,137.16 4 0
go-rest-skeleton/interfaces/middleware/logger.go:141.3,150.30 7 0
go-rest-skeleton/interfaces/middleware/logger.go:154.3,156.47 1 0
go-rest-skeleton/interfaces/middleware/logger.go:160.3,160.12 1 0
go-rest-skeleton/interfaces/middleware/logger.go:137.16,139.4 1 0
go-rest-skeleton/interfaces/middleware/logger.go:150.30,152.4 1 0
go-rest-skeleton/interfaces/middleware/logger.go:156.47,158.4 1 0
go-rest-skeleton/interfaces/middleware/logger.go:160.12,163.21 3 0
go-rest-skeleton/interfaces/middleware/logger.go:167.4,168.25 2 0
go-rest-skeleton/interfaces/middleware/logger.go:172.4,185.35 2 0
go-rest-skeleton/interfaces/middleware/logger.go:163.21,165.5 1 0
go-rest-skeleton/interfaces/middleware/logger.go:168.25,170.5 1 0
go-rest-skeleton/interfaces/middleware/policy.go:28.40,33.2 1 0
go-rest-skeleton/interfaces/middleware/policy.go:36.73,38.13 2 0
go-rest-skeleton/interfaces/middleware/policy.go:44.2,48.37 5 0
go-rest-skeleton/interfaces/middleware/policy.go:60.2,60.20 1 0
go-rest-skeleton/interfaces/middleware/policy.go:63.2,63.22 1 0
go-rest-skeleton/interfaces/middleware/policy.go:38.13,42.3 3 0
go-rest-skeleton/interfaces/middleware/policy.go:48.37,52.50 4 0
go-rest-skeleton/interfaces/middleware/policy.go:52.50,54.76 2 0
go-rest-skeleton/interfaces/middleware/policy.go:54.76,57.5 2 0
go-rest-skeleton/interfaces/middleware/policy.go:60.20,62.3 1 0
go-rest-skeleton/interfaces/middleware/request_id.go:14.61,15.30 1 1
go-rest-skeleton/interfaces/middleware/request_id.go:15.30,18.27 2 1
go-rest-skeleton/interfaces/middleware/request_id.go:22.3,22.22 1 1
go-rest-skeleton/interfaces/middleware/request_id.go:26.3,27.11 2 1
go-rest-skeleton/interfaces/middleware/request_id.go:18.27,20.4 1 1
go-rest-skeleton/interfaces/middleware/request_id.go:22.22,24.4 1 1
go-rest-skeleton/interfaces/middleware/response.go:38.46,45.2 1 1
go-rest-skeleton/interfaces/middleware/response.go:48.53,49.30 1 1
go-rest-skeleton/interfaces/middleware/response.go:49.30,54.29 3 1
go-rest-skeleton/interfaces/middleware/response.go:59.3,71.28 9 1
go-rest-skeleton/interfaces/middleware/response.go:76.3,80.58 3 1
go-rest-skeleton/interfaces/middleware/response.go:89.3,92.23 2 1
go-rest-skeleton/interfaces/middleware/response.go:97.3,97.32 1 1
go-rest-skeleton/interfaces/middleware/response.go:54.29,56.4 1 0
go-rest-skeleton/interfaces/middleware/response.go:71.28,73.4 1 0
go-rest-skeleton/interfaces/middleware/response.go:80.58,86.4 5 0
go-rest-skeleton/interfaces/middleware/response.go:92.23,94.4 1 0
